 
****************************************
check_design summary:
Version:     K-2015.06
Date:        Sun Dec 24 22:33:04 2023
****************************************

                   Name                                            Total
--------------------------------------------------------------------------------
Inputs/Outputs                                                      8
    Feedthrough (LINT-29)                                           8

Tristate                                                            6
    Single tristate driver drives an input pin (LINT-63)            6
--------------------------------------------------------------------------------

Warning: In design 'spi_ms', input port 'spssn_i[7]' is connected directly to output port 'spssn_o[7]'. (LINT-29)
Warning: In design 'spi_ms', input port 'spssn_i[6]' is connected directly to output port 'spssn_o[6]'. (LINT-29)
Warning: In design 'spi_ms', input port 'spssn_i[5]' is connected directly to output port 'spssn_o[5]'. (LINT-29)
Warning: In design 'spi_ms', input port 'spssn_i[4]' is connected directly to output port 'spssn_o[4]'. (LINT-29)
Warning: In design 'spi_ms', input port 'spssn_i[3]' is connected directly to output port 'spssn_o[3]'. (LINT-29)
Warning: In design 'spi_ms', input port 'spssn_i[2]' is connected directly to output port 'spssn_o[2]'. (LINT-29)
Warning: In design 'spi_ms', input port 'spssn_i[1]' is connected directly to output port 'spssn_o[1]'. (LINT-29)
Warning: In design 'spi_ms', input port 'spssn_i[0]' is connected directly to output port 'spssn_o[0]'. (LINT-29)
Warning: Net 'miso_m' has a single tri-state driver.  (LINT-63)
Warning: Net 'mosi_s' has a single tri-state driver.  (LINT-63)
Warning: Net 'sck_s' has a single tri-state driver.  (LINT-63)
Warning: Net 'sck' has a single tri-state driver.  (LINT-63)
Warning: Net 'miso' has a single tri-state driver.  (LINT-63)
Warning: Net 'mosi' has a single tri-state driver.  (LINT-63)
1
