Loading db file '/home/IC/SPI/Process/lib/scc018v3ebcd_uhd50_rvt_tt_v5p0_25c_basic.db'
Information: Propagating switching activity (low effort zero delay simulation). (PWR-6)
Warning: Design has unannotated primary inputs. (PWR-414)
Warning: Design has unannotated sequential cell outputs. (PWR-415)
 
****************************************
Report : power
        -analysis_effort low
Design : spi_ms
Version: K-2015.06
Date   : Sun Dec 24 22:33:05 2023
****************************************


Library(s) Used:

    scc018v3ebcd_uhd50_rvt_tt_v5p0_25c_basic (File: /home/IC/SPI/Process/lib/scc018v3ebcd_uhd50_rvt_tt_v5p0_25c_basic.db)


Operating Conditions: tt_v5p0_25c   Library: scc018v3ebcd_uhd50_rvt_tt_v5p0_25c_basic
Wire Load Model Mode: top


Global Operating Voltage = 5    
Power-specific unit information :
    Voltage Units = 1V
    Capacitance Units = 1.000000pf
    Time Units = 1ns
    Dynamic Power Units = 1mW    (derived from V,C,T units)
    Leakage Power Units = 1uW


  Cell Internal Power  = 914.2751 uW   (96%)
  Net Switching Power  =  37.5127 uW    (4%)
                         ---------
Total Dynamic Power    = 951.7878 uW  (100%)

Cell Leakage Power     = 345.4412 pW


                 Internal         Switching           Leakage            Total
Power Group      Power            Power               Power              Power   (   %    )  Attrs
--------------------------------------------------------------------------------------------------
io_pad             0.0000            0.0000            0.0000            0.0000  (   0.00%)
memory             0.0000            0.0000            0.0000            0.0000  (   0.00%)
black_box          0.0000            0.0000            0.0000            0.0000  (   0.00%)
clock_network      0.0000            0.0000            0.0000            0.0000  (   0.00%)
register           0.8925        5.0069e-03        1.7136e-04            0.8976  (  94.31%)
sequential         0.0000            0.0000            0.0000            0.0000  (   0.00%)
combinational  2.1731e-02        3.2457e-02        1.7409e-04        5.4188e-02  (   5.69%)
--------------------------------------------------------------------------------------------------
Total              0.9143 mW     3.7464e-02 mW     3.4544e-04 uW         0.9517 mW
1
