 
****************************************
Report : timing
        -path full
        -delay max
        -input_pins
        -nets
        -max_paths 1
        -transition_time
        -capacitance
Design : spi_ms
Version: K-2015.06
Date   : Sun Dec 24 22:33:04 2023
****************************************

Operating Conditions: tt_v5p0_25c   Library: scc018v3ebcd_uhd50_rvt_tt_v5p0_25c_basic
Wire Load Model Mode: top

  Startpoint: spssn_i[3] (input port clocked by clk)
  Endpoint: spssn_o[3] (output port clocked by clk)
  Path Group: clk
  Path Type: max

  Point                        Fanout       Cap     Trans      Incr       Path
  -------------------------------------------------------------------------------
  clock clk (rise edge)                                        0.00       0.00
  clock network delay (ideal)                                  0.50       0.50
  input external delay                                         5.00       5.50 r
  spssn_i[3] (in)                                    0.06      0.06       5.56 r
  spssn_o[3] (net)               2         0.01                0.00       5.56 r
  spssn_o[3] (out)                                   0.06      0.00       5.56 r
  data arrival time                                                       5.56

  clock clk (rise edge)                                       41.00      41.00
  clock network delay (ideal)                                  0.50      41.50
  clock uncertainty                                           -0.60      40.90
  output external delay                                       -5.00      35.90
  data required time                                                     35.90
  -------------------------------------------------------------------------------
  data required time                                                     35.90
  data arrival time                                                      -5.56
  -------------------------------------------------------------------------------
  slack (MET)                                                            30.34


1
